# JRE version: OpenJDK Runtime Environment (8.0_152-b01) (build 1.8.0_152-release-915-b01)
# Java VM: OpenJDK 64-Bit Server VM (25.152-b01 mixed mode linux-amd64 compressed oops)
Heap:
 PSYoungGen      total 465920K, used 0K [0x00000000e0000000, 0x0000000100000000, 0x0000000100000000)
  eden space 409600K, 0% used [0x00000000e0000000,0x00000000e0000000,0x00000000f9000000)
  from space 56320K, 0% used [0x00000000f9000000,0x00000000f9000000,0x00000000fc700000)
  to   space 56832K, 0% used [0x00000000fc880000,0x00000000fc880000,0x0000000100000000)
 ParOldGen       total 114176K, used 111144K [0x00000000a0000000, 0x00000000a6f80000, 0x00000000e0000000)
  object space 114176K, 97% used [0x00000000a0000000,0x00000000a6c8a278,0x00000000a6f80000)
 Metaspace       used 88547K, capacity 96956K, committed 98648K, reserved 1134592K
  class space    used 11160K, capacity 13070K, committed 13440K, reserved 1048576K
GC Heap History (10 events):
Event: 9778.870 GC heap after
Heap after GC invocations=39 (full 4):
 PSYoungGen      total 372224K, used 35805K [0x00000000e0000000, 0x00000000fcb80000, 0x0000000100000000)
  eden space 320000K, 0% used [0x00000000e0000000,0x00000000e0000000,0x00000000f3880000)
  from space 52224K, 68% used [0x00000000f3880000,0x00000000f5b775a0,0x00000000f6b80000)
  to   space 54272K, 0% used [0x00000000f9680000,0x00000000f9680000,0x00000000fcb80000)
 ParOldGen       total 114176K, used 67777K [0x00000000a0000000, 0x00000000a6f80000, 0x00000000e0000000)
  object space 114176K, 59% used [0x00000000a0000000,0x00000000a4230760,0x00000000a6f80000)
 Metaspace       used 89230K, capacity 98312K, committed 98392K, reserved 1134592K
  class space    used 11307K, capacity 13371K, committed 13440K, reserved 1048576K
}
Event: 9780.017 GC heap before
{Heap before GC invocations=40 (full 4):
 PSYoungGen      total 372224K, used 355805K [0x00000000e0000000, 0x00000000fcb80000, 0x0000000100000000)
  eden space 320000K, 100% used [0x00000000e0000000,0x00000000f3880000,0x00000000f3880000)
  from space 52224K, 68% used [0x00000000f3880000,0x00000000f5b775a0,0x00000000f6b80000)
  to   space 54272K, 0% used [0x00000000f9680000,0x00000000f9680000,0x00000000fcb80000)
 ParOldGen       total 114176K, used 67777K [0x00000000a0000000, 0x00000000a6f80000, 0x00000000e0000000)
  object space 114176K, 59% used [0x00000000a0000000,0x00000000a4230760,0x00000000a6f80000)
 Metaspace       used 89251K, capacity 98376K, committed 98648K, reserved 1134592K
  class space    used 11307K, capacity 13371K, committed 13440K, reserved 1048576K
Event: 9780.101 GC heap after
Heap after GC invocations=40 (full 4):
 PSYoungGen      total 413184K, used 40015K [0x00000000e0000000, 0x00000000fde80000, 0x0000000100000000)
  eden space 358912K, 0% used [0x00000000e0000000,0x00000000e0000000,0x00000000f5e80000)
  from space 54272K, 73% used [0x00000000f9680000,0x00000000fbd93ce0,0x00000000fcb80000)
  to   space 57344K, 0% used [0x00000000f5e80000,0x00000000f5e80000,0x00000000f9680000)
 ParOldGen       total 114176K, used 67881K [0x00000000a0000000, 0x00000000a6f80000, 0x00000000e0000000)
  object space 114176K, 59% used [0x00000000a0000000,0x00000000a424a760,0x00000000a6f80000)
 Metaspace       used 89251K, capacity 98376K, committed 98648K, reserved 1134592K
  class space    used 11307K, capacity 13371K, committed 13440K, reserved 1048576K
}
Event: 9781.572 GC heap before
{Heap before GC invocations=41 (full 4):
 PSYoungGen      total 413184K, used 398927K [0x00000000e0000000, 0x00000000fde80000, 0x0000000100000000)
  eden space 358912K, 100% used [0x00000000e0000000,0x00000000f5e80000,0x00000000f5e80000)
  from space 54272K, 73% used [0x00000000f9680000,0x00000000fbd93ce0,0x00000000fcb80000)
  to   space 57344K, 0% used [0x00000000f5e80000,0x00000000f5e80000,0x00000000f9680000)
 ParOldGen       total 114176K, used 67881K [0x00000000a0000000, 0x00000000a6f80000, 0x00000000e0000000)
  object space 114176K, 59% used [0x00000000a0000000,0x00000000a424a760,0x00000000a6f80000)
 Metaspace       used 89263K, capacity 98376K, committed 98648K, reserved 1134592K
  class space    used 11307K, capacity 13371K, committed 13440K, reserved 1048576K
Event: 9781.635 GC heap after
Heap after GC invocations=41 (full 4):
 PSYoungGen      total 416256K, used 34256K [0x00000000e0000000, 0x0000000100000000, 0x0000000100000000)
  eden space 358912K, 0% used [0x00000000e0000000,0x00000000e0000000,0x00000000f5e80000)
  from space 57344K, 59% used [0x00000000f5e80000,0x00000000f7ff4200,0x00000000f9680000)
  to   space 57344K, 0% used [0x00000000fc800000,0x00000000fc800000,0x0000000100000000)
 ParOldGen       total 114176K, used 81909K [0x00000000a0000000, 0x00000000a6f80000, 0x00000000e0000000)
  object space 114176K, 71% used [0x00000000a0000000,0x00000000a4ffd4a8,0x00000000a6f80000)
 Metaspace       used 89263K, capacity 98376K, committed 98648K, reserved 1134592K
  class space    used 11307K, capacity 13371K, committed 13440K, reserved 1048576K
}
Event: 9782.973 GC heap before
{Heap before GC invocations=42 (full 4):
 PSYoungGen      total 416256K, used 393168K [0x00000000e0000000, 0x0000000100000000, 0x0000000100000000)
  eden space 358912K, 100% used [0x00000000e0000000,0x00000000f5e80000,0x00000000f5e80000)
  from space 57344K, 59% used [0x00000000f5e80000,0x00000000f7ff4200,0x00000000f9680000)
  to   space 57344K, 0% used [0x00000000fc800000,0x00000000fc800000,0x0000000100000000)
 ParOldGen       total 114176K, used 81909K [0x00000000a0000000, 0x00000000a6f80000, 0x00000000e0000000)
  object space 114176K, 71% used [0x00000000a0000000,0x00000000a4ffd4a8,0x00000000a6f80000)
 Metaspace       used 89278K, capacity 98376K, committed 98648K, reserved 1134592K
  class space    used 11308K, capacity 13371K, committed 13440K, reserved 1048576K
Event: 9783.059 GC heap after
Heap after GC invocations=42 (full 4):
 PSYoungGen      total 464896K, used 31600K [0x00000000e0000000, 0x00000000ffe00000, 0x0000000100000000)
  eden space 409600K, 0% used [0x00000000e0000000,0x00000000e0000000,0x00000000f9000000)
  from space 55296K, 57% used [0x00000000fc800000,0x00000000fe6dc1b0,0x00000000ffe00000)
  to   space 56320K, 0% used [0x00000000f9000000,0x00000000f9000000,0x00000000fc700000)
 ParOldGen       total 114176K, used 85624K [0x00000000a0000000, 0x00000000a6f80000, 0x00000000e0000000)
  object space 114176K, 74% used [0x00000000a0000000,0x00000000a539e3a8,0x00000000a6f80000)
 Metaspace       used 89278K, capacity 98376K, committed 98648K, reserved 1134592K
  class space    used 11308K, capacity 13371K, committed 13440K, reserved 1048576K
}
Event: 9791.167 GC heap before
{Heap before GC invocations=43 (full 4):
 PSYoungGen      total 464896K, used 440600K [0x00000000e0000000, 0x00000000ffe00000, 0x0000000100000000)
  eden space 409600K, 99% used [0x00000000e0000000,0x00000000f8f69f10,0x00000000f9000000)
  from space 55296K, 57% used [0x00000000fc800000,0x00000000fe6dc1b0,0x00000000ffe00000)
  to   space 56320K, 0% used [0x00000000f9000000,0x00000000f9000000,0x00000000fc700000)
 ParOldGen       total 114176K, used 85624K [0x00000000a0000000, 0x00000000a6f80000, 0x00000000e0000000)
  object space 114176K, 74% used [0x00000000a0000000,0x00000000a539e3a8,0x00000000a6f80000)
 Metaspace       used 89377K, capacity 98472K, committed 98648K, reserved 1134592K
  class space    used 11318K, capacity 13377K, committed 13440K, reserved 1048576K
Event: 9791.553 GC heap after
Heap after GC invocations=43 (full 4):
 PSYoungGen      total 465920K, used 37505K [0x00000000e0000000, 0x0000000100000000, 0x0000000100000000)
  eden space 409600K, 0% used [0x00000000e0000000,0x00000000e0000000,0x00000000f9000000)
  from space 56320K, 66% used [0x00000000f9000000,0x00000000fb4a07f8,0x00000000fc700000)
  to   space 56832K, 0% used [0x00000000fc880000,0x00000000fc880000,0x0000000100000000)
 ParOldGen       total 114176K, used 98471K [0x00000000a0000000, 0x00000000a6f80000, 0x00000000e0000000)
  object space 114176K, 86% used [0x00000000a0000000,0x00000000a6029d58,0x00000000a6f80000)
 Metaspace       used 89377K, capacity 98472K, committed 98648K, reserved 1134592K
  class space    used 11318K, capacity 13377K, committed 13440K, reserved 1048576K
}
Event: 9791.571 GC heap before
{Heap before GC invocations=44 (full 5):
 PSYoungGen      total 465920K, used 37505K [0x00000000e0000000, 0x0000000100000000, 0x0000000100000000)
  eden space 409600K, 0% used [0x00000000e0000000,0x00000000e0000000,0x00000000f9000000)
  from space 56320K, 66% used [0x00000000f9000000,0x00000000fb4a07f8,0x00000000fc700000)
  to   space 56832K, 0% used [0x00000000fc880000,0x00000000fc880000,0x0000000100000000)
 ParOldGen       total 114176K, used 98471K [0x00000000a0000000, 0x00000000a6f80000, 0x00000000e0000000)
  object space 114176K, 86% used [0x00000000a0000000,0x00000000a6029d58,0x00000000a6f80000)
 Metaspace       used 89377K, capacity 98472K, committed 98648K, reserved 1134592K
  class space    used 11318K, capacity 13377K, committed 13440K, reserved 1048576K

